<?xml version="1.0" encoding="UTF-8"?>
<!-- Generated by org.testng.reporters.JUnitReportReporter -->
<testsuite hostname="Guru" failures="0" tests="1" name="TestCases.Smoke" time="0.990" errors="0" timestamp="2021-04-29T01:24:18 IST" skipped="0">
  <testcase classname="TestCases.Smoke" name="test" time="0.990"/>
  <system-out/>
</testsuite> <!-- TestCases.Smoke -->
