<?xml version="1.0" encoding="UTF-8"?>
<!-- Generated by org.testng.reporters.JUnitReportReporter -->
<testsuite hostname="Guru" failures="0" tests="7" name="TestCases.TestSortFilter" time="4.518" errors="0" timestamp="2021-04-30T04:40:44 IST" skipped="0">
  <testcase classname="TestCases.TestSortFilter" name="verifyVisibiltyofSorting" time="0.090"/>
  <system-out/>
  <testcase classname="TestCases.TestSortFilter" name="verifyVisibiltyofFilter" time="0.049"/>
  <system-out/>
  <testcase classname="TestCases.TestSortFilter" name="testFilterWithValidInput" time="0.316"/>
  <system-out/>
  <testcase classname="TestCases.TestSortFilter" name="testFilterWithInvalidInput" time="0.199"/>
  <system-out/>
  <testcase classname="TestCases.TestSortFilter" name="testAvgImpactScoreSort" time="1.543"/>
  <system-out/>
  <testcase classname="TestCases.TestSortFilter" name="testComplexitySort" time="1.799"/>
  <system-out/>
  <testcase classname="TestCases.TestSortFilter" name="testFilterandSorting" time="0.522"/>
  <system-out/>
</testsuite> <!-- TestCases.TestSortFilter -->
